<?xml version="1.0" encoding="UTF-8"?>
<!-- Generated by org.testng.reporters.JUnitReportReporter -->
<testsuite skipped="0" hostname="LAPTOP-H9GOMJJ8" name="Tests.TestClass" tests="4" failures="0" timestamp="2022-01-19T19:34:49 IST" time="92.464" errors="0">
  <testcase name="Login" time="6.540" classname="Tests.TestClass"/>
  <system-out/>
  <testcase name="CreateProductsInInventory" time="39.611" classname="Tests.TestClass"/>
  <system-out/>
  <testcase name="NavigateToManufacturing" time="2.270" classname="Tests.TestClass"/>
  <system-out/>
  <testcase name="CreateManufacturing" time="44.043" classname="Tests.TestClass"/>
  <system-out/>
</testsuite> <!-- Tests.TestClass -->
