<?xml version="1.0" encoding="UTF-8"?>
<!-- Generated by org.testng.reporters.JUnitReportReporter -->
<testsuite skipped="0" hostname="LAPTOP-H9GOMJJ8" name="TestBase.TestClass" tests="1" failures="0" timestamp="2022-01-19T10:07:40 IST" time="6.250" errors="0">
  <testcase name="Login" time="6.250" classname="TestBase.TestClass"/>
  <system-out/>
</testsuite> <!-- TestBase.TestClass -->
